Copyright 1986-2022 Xilinx, Inc. All Rights Reserved. Copyright 2022-2024 Advanced Micro Devices, Inc. All Rights Reserved.
---------------------------------------------------------------------------------------------------------------------------------------------
| Tool Version : Vivado v.2024.2 (win64) Build 5239630 Fri Nov 08 22:35:27 MST 2024
| Date         : Wed May 28 01:18:45 2025
| Host         : DESKTOP-P2N9ID2 running 64-bit major release  (build 9200)
| Command      : report_control_sets -verbose -file OTTER_Wrapper2_control_sets_placed.rpt
| Design       : OTTER_Wrapper2
| Device       : xc7a35ti
---------------------------------------------------------------------------------------------------------------------------------------------

Control Set Information

Table of Contents
-----------------
1. Summary
2. Histogram
3. Flip-Flop Distribution
4. Detailed Control Set Information

1. Summary
----------

+----------------------------------------------------------+-------+
|                          Status                          | Count |
+----------------------------------------------------------+-------+
| Total control sets                                       |    14 |
|    Minimum number of control sets                        |    14 |
|    Addition due to synthesis replication                 |     0 |
|    Addition due to physical synthesis replication        |     0 |
| Unused register locations in slices containing registers |    20 |
+----------------------------------------------------------+-------+
* Control sets can be merged at opt_design using control_set_merge or merge_equivalent_drivers
** Run report_qor_suggestions for automated merging and remapping suggestions


2. Histogram
------------

+--------------------+-------+
|       Fanout       | Count |
+--------------------+-------+
| Total control sets |    14 |
| >= 0 to < 4        |     2 |
| >= 4 to < 6        |     1 |
| >= 6 to < 8        |     0 |
| >= 8 to < 10       |     1 |
| >= 10 to < 12      |     0 |
| >= 12 to < 14      |     0 |
| >= 14 to < 16      |     1 |
| >= 16              |     9 |
+--------------------+-------+
* Control sets can be remapped at either synth_design or opt_design


3. Flip-Flop Distribution
-------------------------

+--------------+-----------------------+------------------------+-----------------+--------------+
| Clock Enable | Synchronous Set/Reset | Asynchronous Set/Reset | Total Registers | Total Slices |
+--------------+-----------------------+------------------------+-----------------+--------------+
| No           | No                    | No                     |              43 |           19 |
| No           | No                    | Yes                    |               0 |            0 |
| No           | Yes                   | No                     |               0 |            0 |
| Yes          | No                    | No                     |              97 |           43 |
| Yes          | No                    | Yes                    |              32 |           18 |
| Yes          | Yes                   | No                     |              80 |           32 |
+--------------+-----------------------+------------------------+-----------------+--------------+


4. Detailed Control Set Information
-----------------------------------

+---------------------------+-----------------------------------------------------+--------------------------------------------+------------------+----------------+--------------+
|        Clock Signal       |                    Enable Signal                    |              Set/Reset Signal              | Slice Load Count | Bel Load Count | Bels / Slice |
+---------------------------+-----------------------------------------------------+--------------------------------------------+------------------+----------------+--------------+
|  clk_IBUF_BUFG            |                                                     |                                            |                1 |              1 |         1.00 |
|  my_univ_sseg/CLK_DIV/CLK |                                                     |                                            |                1 |              2 |         2.00 |
|  count_reg[17]            | my_otter/mcuFSM/memrden1                            |                                            |                1 |              4 |         4.00 |
|  count_reg[17]            |                                                     |                                            |                8 |              8 |         1.00 |
|  count_reg[17]            | my_otter/OTTER_MEMORY/memory_reg_bram_0_i_81_0[0]   |                                            |                6 |             14 |         2.33 |
|  count_reg[17]            | my_otter/OTTER_MEMORY/memory_reg_mux_sel_b_pos_0_11 | my_otter/OTTER_MEMORY/ioBuffer[15]_i_1_n_0 |                7 |             16 |         2.29 |
|  count_reg[17]            | my_otter/OTTER_MEMORY/E[0]                          |                                            |               10 |             16 |         1.60 |
|  count_reg[17]            | my_otter/mcuFSM/FSM_sequential_PS_reg[1]_3          |                                            |               11 |             31 |         2.82 |
|  s_clk_BUFG               |                                                     |                                            |                9 |             32 |         3.56 |
|  count_reg[17]            | reg_file_reg_r1_0_31_0_5_i_129_n_0                  |                                            |               15 |             32 |         2.13 |
|  count_reg[17]            | my_otter/mcuFSM/E[0]                                | my_otter/mcuFSM/AR[0]                      |               18 |             32 |         1.78 |
|  count_reg[17]            | my_otter/mcuFSM/FSM_sequential_PS_reg[1]_0          | my_otter/mcuFSM/FSM_sequential_PS_reg[0]_0 |               13 |             32 |         2.46 |
|  count_reg[17]            | my_otter/mcuFSM/FSM_sequential_PS_reg[1]_1          | my_otter/mcuFSM/FSM_sequential_PS_reg[0]_1 |               12 |             32 |         2.67 |
|  count_reg[17]            | my_otter/OTTER_MEMORY/p_0_in                        |                                            |               11 |             88 |         8.00 |
+---------------------------+-----------------------------------------------------+--------------------------------------------+------------------+----------------+--------------+


