
*** Running vivado
    with args -log OTTER_Wrapper.vds -m64 -product Vivado -mode batch -messageDb vivado.pb -notrace -source OTTER_Wrapper.tcl



****** Vivado v2024.2 (64-bit)
  **** SW Build 5239630 on Fri Nov 08 22:35:27 MST 2024
  **** IP Build 5239520 on Sun Nov 10 16:12:51 MST 2024
  **** SharedData Build 5239561 on Fri Nov 08 14:39:27 MST 2024
  **** Start of session at: Fri May 30 17:48:06 2025
    ** Copyright 1986-2022 Xilinx, Inc. All Rights Reserved.
    ** Copyright 2022-2024 Advanced Micro Devices, Inc. All Rights Reserved.

source OTTER_Wrapper.tcl -notrace
Command: read_checkpoint -auto_incremental -incremental C:/Users/Eric/CodeProjects/CPE233/RISCV_Otter/RISCV_Otter.srcs/utils_1/imports/synth_1/OTTER_Wrapper.dcp
INFO: [Vivado 12-5825] Read reference checkpoint from C:/Users/Eric/CodeProjects/CPE233/RISCV_Otter/RISCV_Otter.srcs/utils_1/imports/synth_1/OTTER_Wrapper.dcp for incremental synthesis
INFO: [Vivado 12-7989] Please ensure there are no constraint changes
Command: synth_design -top OTTER_Wrapper -part xc7a35ticpg236-1L
Starting synth_design
Attempting to get a license for feature 'Synthesis' and/or device 'xc7a35ti'
INFO: [Common 17-349] Got license for feature 'Synthesis' and/or device 'xc7a35ti'
INFO: [Device 21-403] Loading part xc7a35ticpg236-1L
INFO: [Designutils 20-5440] No compile time benefit to using incremental synthesis; A full resynthesis will be run
INFO: [Designutils 20-4379] Flow is switching to default flow due to incremental criteria not met. If you would like to alter this behaviour and have the flow terminate instead, please set the following parameter config_implementation {autoIncr.Synth.RejectBehavior Terminate}
INFO: [Synth 8-7079] Multithreading enabled for synth_design using a maximum of 2 processes.
INFO: [Synth 8-7078] Launching helper process for spawning children vivado processes
INFO: [Synth 8-7075] Helper process launched with PID 4468
---------------------------------------------------------------------------------
Starting RTL Elaboration : Time (s): cpu = 00:00:07 ; elapsed = 00:00:08 . Memory (MB): peak = 995.355 ; gain = 469.184
---------------------------------------------------------------------------------
INFO: [Synth 8-11241] undeclared symbol 's_cnt_en', assumed default net type 'wire' [C:/Users/Eric/CodeProjects/CPE233/RISCV_Otter/RISCV_Otter.srcs/sources_1/new/dbounce_v1_02.sv:65]
INFO: [Synth 8-11241] undeclared symbol 'sig_change', assumed default net type 'wire' [C:/Users/Eric/CodeProjects/CPE233/RISCV_Otter/RISCV_Otter.srcs/sources_1/new/one_shot_posneg_v1_03.sv:60]
INFO: [Synth 8-6157] synthesizing module 'OTTER_Wrapper' [C:/Users/Eric/CodeProjects/CPE233/RISCV_Otter/RISCV_Otter.srcs/sources_1/new/OTTER_Wrapper_v1_08.sv:27]
INFO: [Synth 8-6157] synthesizing module 'DBounce' [C:/Users/Eric/CodeProjects/CPE233/RISCV_Otter/RISCV_Otter.srcs/sources_1/new/dbounce_v1_02.sv:35]
	Parameter n bound to: 5 - type: integer 
INFO: [Synth 8-6155] done synthesizing module 'DBounce' (0#1) [C:/Users/Eric/CodeProjects/CPE233/RISCV_Otter/RISCV_Otter.srcs/sources_1/new/dbounce_v1_02.sv:35]
INFO: [Synth 8-6157] synthesizing module 'one_shot_bdir' [C:/Users/Eric/CodeProjects/CPE233/RISCV_Otter/RISCV_Otter.srcs/sources_1/new/one_shot_posneg_v1_03.sv:35]
	Parameter n bound to: 3 - type: integer 
INFO: [Synth 8-6155] done synthesizing module 'one_shot_bdir' (0#1) [C:/Users/Eric/CodeProjects/CPE233/RISCV_Otter/RISCV_Otter.srcs/sources_1/new/one_shot_posneg_v1_03.sv:35]
INFO: [Synth 8-6157] synthesizing module 'OTTER_MCU' [C:/Users/Eric/CodeProjects/CPE233/RISCV_Otter/RISCV_Otter.srcs/sources_1/new/OTTER_MCU.sv:23]
INFO: [Synth 8-6157] synthesizing module 'CU_Decoder' [C:/Users/Eric/CodeProjects/CPE233/RISCV_Otter/RISCV_Otter.srcs/sources_1/new/CU_Decoder.sv:23]
INFO: [Synth 8-155] case statement is not full and has no default [C:/Users/Eric/CodeProjects/CPE233/RISCV_Otter/RISCV_Otter.srcs/sources_1/new/CU_Decoder.sv:150]
INFO: [Synth 8-155] case statement is not full and has no default [C:/Users/Eric/CodeProjects/CPE233/RISCV_Otter/RISCV_Otter.srcs/sources_1/new/CU_Decoder.sv:71]
INFO: [Synth 8-6155] done synthesizing module 'CU_Decoder' (0#1) [C:/Users/Eric/CodeProjects/CPE233/RISCV_Otter/RISCV_Otter.srcs/sources_1/new/CU_Decoder.sv:23]
INFO: [Synth 8-6157] synthesizing module 'CU_FSM' [C:/Users/Eric/CodeProjects/CPE233/RISCV_Otter/RISCV_Otter.srcs/sources_1/new/CU_FSM.sv:43]
INFO: [Synth 8-155] case statement is not full and has no default [C:/Users/Eric/CodeProjects/CPE233/RISCV_Otter/RISCV_Otter.srcs/sources_1/new/CU_FSM.sv:161]
INFO: [Synth 8-6155] done synthesizing module 'CU_FSM' (0#1) [C:/Users/Eric/CodeProjects/CPE233/RISCV_Otter/RISCV_Otter.srcs/sources_1/new/CU_FSM.sv:43]
INFO: [Synth 8-6157] synthesizing module 'reg_nb' [C:/Users/Eric/CodeProjects/CPE233/RISCV_Otter/RISCV_Otter.srcs/sources_1/new/reg_nb_v1_04.v:39]
	Parameter n bound to: 32 - type: integer 
INFO: [Synth 8-6155] done synthesizing module 'reg_nb' (0#1) [C:/Users/Eric/CodeProjects/CPE233/RISCV_Otter/RISCV_Otter.srcs/sources_1/new/reg_nb_v1_04.v:39]
INFO: [Synth 8-6157] synthesizing module 'mux_8t1_nb' [C:/Users/Eric/CodeProjects/CPE233/RISCV_Otter/RISCV_Otter.srcs/sources_1/new/mux_8t1_nb_v1_03.v:43]
	Parameter n bound to: 32 - type: integer 
INFO: [Synth 8-6155] done synthesizing module 'mux_8t1_nb' (0#1) [C:/Users/Eric/CodeProjects/CPE233/RISCV_Otter/RISCV_Otter.srcs/sources_1/new/mux_8t1_nb_v1_03.v:43]
INFO: [Synth 8-6157] synthesizing module 'Memory' [C:/Users/Eric/CodeProjects/CPE233/RISCV_Otter/RISCV_Otter.srcs/sources_1/new/otter_memory_v1_06.sv:47]
INFO: [Synth 8-3876] $readmem data file 'otter_memory.mem' is read successfully [C:/Users/Eric/CodeProjects/CPE233/RISCV_Otter/RISCV_Otter.srcs/sources_1/new/otter_memory_v1_06.sv:72]
INFO: [Synth 8-155] case statement is not full and has no default [C:/Users/Eric/CodeProjects/CPE233/RISCV_Otter/RISCV_Otter.srcs/sources_1/new/otter_memory_v1_06.sv:94]
INFO: [Synth 8-6155] done synthesizing module 'Memory' (0#1) [C:/Users/Eric/CodeProjects/CPE233/RISCV_Otter/RISCV_Otter.srcs/sources_1/new/otter_memory_v1_06.sv:47]
INFO: [Synth 8-6157] synthesizing module 'mux_4t1_nb' [C:/Users/Eric/CodeProjects/CPE233/RISCV_Otter/RISCV_Otter.srcs/sources_1/new/mux_4t1_nb_v1_06.v:45]
	Parameter n bound to: 32 - type: integer 
INFO: [Synth 8-6155] done synthesizing module 'mux_4t1_nb' (0#1) [C:/Users/Eric/CodeProjects/CPE233/RISCV_Otter/RISCV_Otter.srcs/sources_1/new/mux_4t1_nb_v1_06.v:45]
INFO: [Synth 8-6157] synthesizing module 'RegFile' [C:/Users/Eric/CodeProjects/CPE233/RISCV_Otter/RISCV_Otter.srcs/sources_1/new/reg_file_v1_02.sv:38]
INFO: [Synth 8-6155] done synthesizing module 'RegFile' (0#1) [C:/Users/Eric/CodeProjects/CPE233/RISCV_Otter/RISCV_Otter.srcs/sources_1/new/reg_file_v1_02.sv:38]
INFO: [Synth 8-6157] synthesizing module 'OTTER_ALU' [C:/Users/Eric/CodeProjects/CPE233/RISCV_Otter/RISCV_Otter.srcs/sources_1/new/OTTER_ALU.v:23]
INFO: [Synth 8-6155] done synthesizing module 'OTTER_ALU' (0#1) [C:/Users/Eric/CodeProjects/CPE233/RISCV_Otter/RISCV_Otter.srcs/sources_1/new/OTTER_ALU.v:23]
INFO: [Synth 8-6157] synthesizing module 'CSR' [C:/Users/Eric/CodeProjects/CPE233/RISCV_Otter/RISCV_Otter.srcs/sources_1/new/CSR_v1_05.sv:47]
INFO: [Synth 8-155] case statement is not full and has no default [C:/Users/Eric/CodeProjects/CPE233/RISCV_Otter/RISCV_Otter.srcs/sources_1/new/CSR_v1_05.sv:87]
INFO: [Synth 8-6155] done synthesizing module 'CSR' (0#1) [C:/Users/Eric/CodeProjects/CPE233/RISCV_Otter/RISCV_Otter.srcs/sources_1/new/CSR_v1_05.sv:47]
INFO: [Synth 8-6155] done synthesizing module 'OTTER_MCU' (0#1) [C:/Users/Eric/CodeProjects/CPE233/RISCV_Otter/RISCV_Otter.srcs/sources_1/new/OTTER_MCU.sv:23]
INFO: [Synth 8-155] case statement is not full and has no default [C:/Users/Eric/CodeProjects/CPE233/RISCV_Otter/RISCV_Otter.srcs/sources_1/new/OTTER_Wrapper_v1_08.sv:93]
INFO: [Synth 8-6155] done synthesizing module 'OTTER_Wrapper' (0#1) [C:/Users/Eric/CodeProjects/CPE233/RISCV_Otter/RISCV_Otter.srcs/sources_1/new/OTTER_Wrapper_v1_08.sv:27]
WARNING: [Synth 8-87] always_comb on 'NS_reg' did not result in combinational logic [C:/Users/Eric/CodeProjects/CPE233/RISCV_Otter/RISCV_Otter.srcs/sources_1/new/CU_FSM.sv:104]
---------------------------------------------------------------------------------
Finished RTL Elaboration : Time (s): cpu = 00:00:10 ; elapsed = 00:00:10 . Memory (MB): peak = 1119.250 ; gain = 593.078
---------------------------------------------------------------------------------
---------------------------------------------------------------------------------
Start Handling Custom Attributes
---------------------------------------------------------------------------------
---------------------------------------------------------------------------------
Finished Handling Custom Attributes : Time (s): cpu = 00:00:10 ; elapsed = 00:00:10 . Memory (MB): peak = 1119.250 ; gain = 593.078
---------------------------------------------------------------------------------
---------------------------------------------------------------------------------
Finished RTL Optimization Phase 1 : Time (s): cpu = 00:00:10 ; elapsed = 00:00:10 . Memory (MB): peak = 1119.250 ; gain = 593.078
---------------------------------------------------------------------------------
Netlist sorting complete. Time (s): cpu = 00:00:00 ; elapsed = 00:00:00.031 . Memory (MB): peak = 1119.250 ; gain = 0.000
INFO: [Project 1-570] Preparing netlist for logic optimization

Processing XDC Constraints
Initializing timing engine
Parsing XDC File [C:/Users/Eric/CodeProjects/CPE233/RISCV_Otter/RISCV_Otter.srcs/sources_1/new/Basys3_RISCV_simple.xdc]
Finished Parsing XDC File [C:/Users/Eric/CodeProjects/CPE233/RISCV_Otter/RISCV_Otter.srcs/sources_1/new/Basys3_RISCV_simple.xdc]
INFO: [Project 1-236] Implementation specific constraints were found while reading constraint file [C:/Users/Eric/CodeProjects/CPE233/RISCV_Otter/RISCV_Otter.srcs/sources_1/new/Basys3_RISCV_simple.xdc]. These constraints will be ignored for synthesis but will be used in implementation. Impacted constraints are listed in the file [.Xil/OTTER_Wrapper_propImpl.xdc].
Resolution: To avoid this warning, move constraints listed in [.Xil/OTTER_Wrapper_propImpl.xdc] to another XDC file and exclude this new file from synthesis with the used_in_synthesis property (File Properties dialog in GUI) and re-run elaboration/synthesis.
Completed Processing XDC Constraints

Netlist sorting complete. Time (s): cpu = 00:00:00 ; elapsed = 00:00:00 . Memory (MB): peak = 1136.891 ; gain = 0.000
INFO: [Project 1-111] Unisim Transformation Summary:
No Unisim elements were transformed.

Constraint Validation Runtime : Time (s): cpu = 00:00:00 ; elapsed = 00:00:00.004 . Memory (MB): peak = 1136.891 ; gain = 0.000
INFO: [Designutils 20-5440] No compile time benefit to using incremental synthesis; A full resynthesis will be run
INFO: [Designutils 20-4379] Flow is switching to default flow due to incremental criteria not met. If you would like to alter this behaviour and have the flow terminate instead, please set the following parameter config_implementation {autoIncr.Synth.RejectBehavior Terminate}
---------------------------------------------------------------------------------
Finished Constraint Validation : Time (s): cpu = 00:00:19 ; elapsed = 00:00:20 . Memory (MB): peak = 1136.891 ; gain = 610.719
---------------------------------------------------------------------------------
---------------------------------------------------------------------------------
Start Loading Part and Timing Information
---------------------------------------------------------------------------------
Loading part: xc7a35ticpg236-1L
---------------------------------------------------------------------------------
Finished Loading Part and Timing Information : Time (s): cpu = 00:00:19 ; elapsed = 00:00:20 . Memory (MB): peak = 1136.891 ; gain = 610.719
---------------------------------------------------------------------------------
---------------------------------------------------------------------------------
Start Applying 'set_property' XDC Constraints
---------------------------------------------------------------------------------
---------------------------------------------------------------------------------
Finished applying 'set_property' XDC Constraints : Time (s): cpu = 00:00:19 ; elapsed = 00:00:20 . Memory (MB): peak = 1136.891 ; gain = 610.719
---------------------------------------------------------------------------------
INFO: [Synth 8-802] inferred FSM for state register 'PS_reg' in module 'CU_FSM'
WARNING: [Synth 8-327] inferring latch for variable 'FSM_sequential_NS_reg' [C:/Users/Eric/CodeProjects/CPE233/RISCV_Otter/RISCV_Otter.srcs/sources_1/new/CU_FSM.sv:104]
WARNING: [Synth 8-327] inferring latch for variable 'FSM_onehot_NS_reg' [C:/Users/Eric/CodeProjects/CPE233/RISCV_Otter/RISCV_Otter.srcs/sources_1/new/CU_FSM.sv:104]
---------------------------------------------------------------------------------------------------
                   State |                     New Encoding |                Previous Encoding 
---------------------------------------------------------------------------------------------------
                 st_INIT |                            00001 |                              000
                  st_FET |                            00010 |                              001
                   st_EX |                            00100 |                              010
                   st_WB |                            01000 |                              011
                 st_INTR |                            10000 |                              100
---------------------------------------------------------------------------------------------------
INFO: [Synth 8-3354] encoded FSM with state register 'PS_reg' using encoding 'one-hot' in module 'CU_FSM'
WARNING: [Synth 8-327] inferring latch for variable 'FSM_onehot_NS_reg' [C:/Users/Eric/CodeProjects/CPE233/RISCV_Otter/RISCV_Otter.srcs/sources_1/new/CU_FSM.sv:104]
---------------------------------------------------------------------------------
Finished RTL Optimization Phase 2 : Time (s): cpu = 00:00:20 ; elapsed = 00:00:21 . Memory (MB): peak = 1136.891 ; gain = 610.719
---------------------------------------------------------------------------------
---------------------------------------------------------------------------------
Start RTL Component Statistics 
---------------------------------------------------------------------------------
Detailed RTL Component Info : 
+---Adders : 
	   2 Input   32 Bit       Adders := 5     
	   3 Input   32 Bit       Adders := 1     
	   2 Input    5 Bit       Adders := 1     
+---XORs : 
	   2 Input     32 Bit         XORs := 1     
	   2 Input      1 Bit         XORs := 2     
+---Registers : 
	               32 Bit    Registers := 7     
	               16 Bit    Registers := 1     
	                8 Bit    Registers := 1     
	                5 Bit    Registers := 1     
	                4 Bit    Registers := 1     
	                3 Bit    Registers := 2     
	                1 Bit    Registers := 6     
+---RAMs : 
	             512K Bit	(16384 X 32 bit)          RAMs := 1     
	             1024 Bit	(32 X 32 bit)          RAMs := 1     
+---Muxes : 
	   9 Input   32 Bit        Muxes := 2     
	   2 Input   32 Bit        Muxes := 13    
	   4 Input   32 Bit        Muxes := 2     
	   3 Input   32 Bit        Muxes := 1     
	   5 Input    5 Bit        Muxes := 1     
	  11 Input    5 Bit        Muxes := 1     
	   2 Input    5 Bit        Muxes := 10    
	   2 Input    4 Bit        Muxes := 4     
	   4 Input    4 Bit        Muxes := 1     
	   2 Input    3 Bit        Muxes := 10    
	   4 Input    3 Bit        Muxes := 1     
	   6 Input    3 Bit        Muxes := 1     
	   5 Input    3 Bit        Muxes := 1     
	   2 Input    2 Bit        Muxes := 1     
	   4 Input    2 Bit        Muxes := 1     
	   2 Input    1 Bit        Muxes := 15    
	   4 Input    1 Bit        Muxes := 6     
	   5 Input    1 Bit        Muxes := 8     
	   9 Input    1 Bit        Muxes := 1     
---------------------------------------------------------------------------------
Finished RTL Component Statistics 
---------------------------------------------------------------------------------
---------------------------------------------------------------------------------
Start Part Resource Summary
---------------------------------------------------------------------------------
Part Resources:
DSPs: 90 (col length:60)
BRAMs: 100 (col length: RAMB18 60 RAMB36 30)
---------------------------------------------------------------------------------
Finished Part Resource Summary
---------------------------------------------------------------------------------
---------------------------------------------------------------------------------
Start Cross Boundary and Area Optimization
---------------------------------------------------------------------------------
WARNING: [Synth 8-7080] Parallel synthesis criteria is not met
WARNING: [Synth 8-3936] Found unconnected internal register 'my_oneshot/neg_pulse_reg_reg' and it is trimmed from '3' to '2' bits. [C:/Users/Eric/CodeProjects/CPE233/RISCV_Otter/RISCV_Otter.srcs/sources_1/new/one_shot_posneg_v1_03.sv:72]
---------------------------------------------------------------------------------
Finished Cross Boundary and Area Optimization : Time (s): cpu = 00:00:29 ; elapsed = 00:00:30 . Memory (MB): peak = 1220.691 ; gain = 694.520
---------------------------------------------------------------------------------
---------------------------------------------------------------------------------
Start ROM, RAM, DSP, Shift Register and Retiming Reporting
---------------------------------------------------------------------------------

Block RAM: Preliminary Mapping Report (see note below)
+----------------------+------------+------------------------+---+---+------------------------+---+---+------------------+--------+--------+
|Module Name           | RTL Object | PORT A (Depth x Width) | W | R | PORT B (Depth x Width) | W | R | Ports driving FF | RAMB18 | RAMB36 | 
+----------------------+------------+------------------------+---+---+------------------------+---+---+------------------+--------+--------+
|my_otter/OTTER_MEMORY | memory_reg | 16 K x 32(READ_FIRST)  | W | R | 16 K x 32(WRITE_FIRST) |   | R | Port A and B     | 0      | 16     | 
+----------------------+------------+------------------------+---+---+------------------------+---+---+------------------+--------+--------+

Note: The table above is a preliminary report that shows the Block RAMs at the current stage of the synthesis flow. Some Block RAMs may be reimplemented as non Block RAM primitives later in the synthesis flow. Multiple instantiated Block RAMs are reported only once. 

Distributed RAM: Preliminary Mapping Report (see note below)
+------------+-------------------------+-----------+----------------------+--------------+
|Module Name | RTL Object              | Inference | Size (Depth x Width) | Primitives   | 
+------------+-------------------------+-----------+----------------------+--------------+
|my_otter    | my_regfile/reg_file_reg | Implied   | 32 x 32              | RAM32M x 12  | 
+------------+-------------------------+-----------+----------------------+--------------+

Note: The table above is a preliminary report that shows the Distributed RAMs at the current stage of the synthesis flow. Some Distributed RAMs may be reimplemented as non Distributed RAM primitives later in the synthesis flow. Multiple instantiated RAMs are reported only once.
---------------------------------------------------------------------------------
Finished ROM, RAM, DSP, Shift Register and Retiming Reporting
---------------------------------------------------------------------------------
---------------------------------------------------------------------------------
Start Applying XDC Timing Constraints
---------------------------------------------------------------------------------
---------------------------------------------------------------------------------
Finished Applying XDC Timing Constraints : Time (s): cpu = 00:00:35 ; elapsed = 00:00:37 . Memory (MB): peak = 1301.441 ; gain = 775.270
---------------------------------------------------------------------------------
---------------------------------------------------------------------------------
Start Timing Optimization
---------------------------------------------------------------------------------
---------------------------------------------------------------------------------
Finished Timing Optimization : Time (s): cpu = 00:00:36 ; elapsed = 00:00:38 . Memory (MB): peak = 1313.520 ; gain = 787.348
---------------------------------------------------------------------------------
---------------------------------------------------------------------------------
Start ROM, RAM, DSP, Shift Register and Retiming Reporting
---------------------------------------------------------------------------------

Block RAM: Final Mapping Report
+----------------------+------------+------------------------+---+---+------------------------+---+---+------------------+--------+--------+
|Module Name           | RTL Object | PORT A (Depth x Width) | W | R | PORT B (Depth x Width) | W | R | Ports driving FF | RAMB18 | RAMB36 | 
+----------------------+------------+------------------------+---+---+------------------------+---+---+------------------+--------+--------+
|my_otter/OTTER_MEMORY | memory_reg | 16 K x 32(READ_FIRST)  | W | R | 16 K x 32(WRITE_FIRST) |   | R | Port A and B     | 0      | 16     | 
+----------------------+------------+------------------------+---+---+------------------------+---+---+------------------+--------+--------+


Distributed RAM: Final Mapping Report
+------------+-------------------------+-----------+----------------------+--------------+
|Module Name | RTL Object              | Inference | Size (Depth x Width) | Primitives   | 
+------------+-------------------------+-----------+----------------------+--------------+
|my_otter    | my_regfile/reg_file_reg | Implied   | 32 x 32              | RAM32M x 12  | 
+------------+-------------------------+-----------+----------------------+--------------+

---------------------------------------------------------------------------------
Finished ROM, RAM, DSP, Shift Register and Retiming Reporting
---------------------------------------------------------------------------------
---------------------------------------------------------------------------------
Start Technology Mapping
---------------------------------------------------------------------------------
INFO: [Synth 8-7052] The timing for the instance my_otter/OTTER_MEMORY/memory_reg_bram_0 (implemented as a Block RAM) might be sub-optimal as no optional output register could be merged into the ram block. Providing additional output register may help in improving timing.
INFO: [Synth 8-7052] The timing for the instance my_otter/OTTER_MEMORY/memory_reg_bram_0 (implemented as a Block RAM) might be sub-optimal as no optional output register could be merged into the ram block. Providing additional output register may help in improving timing.
INFO: [Synth 8-7052] The timing for the instance my_otter/OTTER_MEMORY/memory_reg_bram_1 (implemented as a Block RAM) might be sub-optimal as no optional output register could be merged into the ram block. Providing additional output register may help in improving timing.
INFO: [Synth 8-7052] The timing for the instance my_otter/OTTER_MEMORY/memory_reg_bram_1 (implemented as a Block RAM) might be sub-optimal as no optional output register could be merged into the ram block. Providing additional output register may help in improving timing.
INFO: [Synth 8-7052] The timing for the instance my_otter/OTTER_MEMORY/memory_reg_bram_2 (implemented as a Block RAM) might be sub-optimal as no optional output register could be merged into the ram block. Providing additional output register may help in improving timing.
INFO: [Synth 8-7052] The timing for the instance my_otter/OTTER_MEMORY/memory_reg_bram_2 (implemented as a Block RAM) might be sub-optimal as no optional output register could be merged into the ram block. Providing additional output register may help in improving timing.
INFO: [Synth 8-7052] The timing for the instance my_otter/OTTER_MEMORY/memory_reg_bram_3 (implemented as a Block RAM) might be sub-optimal as no optional output register could be merged into the ram block. Providing additional output register may help in improving timing.
INFO: [Synth 8-7052] The timing for the instance my_otter/OTTER_MEMORY/memory_reg_bram_3 (implemented as a Block RAM) might be sub-optimal as no optional output register could be merged into the ram block. Providing additional output register may help in improving timing.
INFO: [Synth 8-7052] The timing for the instance my_otter/OTTER_MEMORY/memory_reg_bram_4 (implemented as a Block RAM) might be sub-optimal as no optional output register could be merged into the ram block. Providing additional output register may help in improving timing.
INFO: [Synth 8-7052] The timing for the instance my_otter/OTTER_MEMORY/memory_reg_bram_4 (implemented as a Block RAM) might be sub-optimal as no optional output register could be merged into the ram block. Providing additional output register may help in improving timing.
INFO: [Synth 8-7052] The timing for the instance my_otter/OTTER_MEMORY/memory_reg_bram_5 (implemented as a Block RAM) might be sub-optimal as no optional output register could be merged into the ram block. Providing additional output register may help in improving timing.
INFO: [Synth 8-7052] The timing for the instance my_otter/OTTER_MEMORY/memory_reg_bram_5 (implemented as a Block RAM) might be sub-optimal as no optional output register could be merged into the ram block. Providing additional output register may help in improving timing.
INFO: [Synth 8-7052] The timing for the instance my_otter/OTTER_MEMORY/memory_reg_bram_6 (implemented as a Block RAM) might be sub-optimal as no optional output register could be merged into the ram block. Providing additional output register may help in improving timing.
INFO: [Synth 8-7052] The timing for the instance my_otter/OTTER_MEMORY/memory_reg_bram_6 (implemented as a Block RAM) might be sub-optimal as no optional output register could be merged into the ram block. Providing additional output register may help in improving timing.
INFO: [Synth 8-7052] The timing for the instance my_otter/OTTER_MEMORY/memory_reg_bram_7 (implemented as a Block RAM) might be sub-optimal as no optional output register could be merged into the ram block. Providing additional output register may help in improving timing.
INFO: [Synth 8-7052] The timing for the instance my_otter/OTTER_MEMORY/memory_reg_bram_7 (implemented as a Block RAM) might be sub-optimal as no optional output register could be merged into the ram block. Providing additional output register may help in improving timing.
INFO: [Synth 8-7052] The timing for the instance my_otter/OTTER_MEMORY/memory_reg_bram_8 (implemented as a Block RAM) might be sub-optimal as no optional output register could be merged into the ram block. Providing additional output register may help in improving timing.
INFO: [Synth 8-7052] The timing for the instance my_otter/OTTER_MEMORY/memory_reg_bram_8 (implemented as a Block RAM) might be sub-optimal as no optional output register could be merged into the ram block. Providing additional output register may help in improving timing.
INFO: [Synth 8-7052] The timing for the instance my_otter/OTTER_MEMORY/memory_reg_bram_9 (implemented as a Block RAM) might be sub-optimal as no optional output register could be merged into the ram block. Providing additional output register may help in improving timing.
INFO: [Synth 8-7052] The timing for the instance my_otter/OTTER_MEMORY/memory_reg_bram_9 (implemented as a Block RAM) might be sub-optimal as no optional output register could be merged into the ram block. Providing additional output register may help in improving timing.
INFO: [Synth 8-7052] The timing for the instance my_otter/OTTER_MEMORY/memory_reg_bram_10 (implemented as a Block RAM) might be sub-optimal as no optional output register could be merged into the ram block. Providing additional output register may help in improving timing.
INFO: [Synth 8-7052] The timing for the instance my_otter/OTTER_MEMORY/memory_reg_bram_10 (implemented as a Block RAM) might be sub-optimal as no optional output register could be merged into the ram block. Providing additional output register may help in improving timing.
INFO: [Synth 8-7052] The timing for the instance my_otter/OTTER_MEMORY/memory_reg_bram_11 (implemented as a Block RAM) might be sub-optimal as no optional output register could be merged into the ram block. Providing additional output register may help in improving timing.
INFO: [Synth 8-7052] The timing for the instance my_otter/OTTER_MEMORY/memory_reg_bram_11 (implemented as a Block RAM) might be sub-optimal as no optional output register could be merged into the ram block. Providing additional output register may help in improving timing.
INFO: [Synth 8-7052] The timing for the instance my_otter/OTTER_MEMORY/memory_reg_bram_12 (implemented as a Block RAM) might be sub-optimal as no optional output register could be merged into the ram block. Providing additional output register may help in improving timing.
INFO: [Synth 8-7052] The timing for the instance my_otter/OTTER_MEMORY/memory_reg_bram_12 (implemented as a Block RAM) might be sub-optimal as no optional output register could be merged into the ram block. Providing additional output register may help in improving timing.
INFO: [Synth 8-7052] The timing for the instance my_otter/OTTER_MEMORY/memory_reg_bram_13 (implemented as a Block RAM) might be sub-optimal as no optional output register could be merged into the ram block. Providing additional output register may help in improving timing.
INFO: [Synth 8-7052] The timing for the instance my_otter/OTTER_MEMORY/memory_reg_bram_13 (implemented as a Block RAM) might be sub-optimal as no optional output register could be merged into the ram block. Providing additional output register may help in improving timing.
INFO: [Synth 8-7052] The timing for the instance my_otter/OTTER_MEMORY/memory_reg_bram_14 (implemented as a Block RAM) might be sub-optimal as no optional output register could be merged into the ram block. Providing additional output register may help in improving timing.
INFO: [Synth 8-7052] The timing for the instance my_otter/OTTER_MEMORY/memory_reg_bram_14 (implemented as a Block RAM) might be sub-optimal as no optional output register could be merged into the ram block. Providing additional output register may help in improving timing.
INFO: [Synth 8-7052] The timing for the instance my_otter/OTTER_MEMORY/memory_reg_bram_15 (implemented as a Block RAM) might be sub-optimal as no optional output register could be merged into the ram block. Providing additional output register may help in improving timing.
INFO: [Synth 8-7052] The timing for the instance my_otter/OTTER_MEMORY/memory_reg_bram_15 (implemented as a Block RAM) might be sub-optimal as no optional output register could be merged into the ram block. Providing additional output register may help in improving timing.
---------------------------------------------------------------------------------
Finished Technology Mapping : Time (s): cpu = 00:00:37 ; elapsed = 00:00:39 . Memory (MB): peak = 1390.191 ; gain = 864.020
---------------------------------------------------------------------------------
---------------------------------------------------------------------------------
Start IO Insertion
---------------------------------------------------------------------------------
---------------------------------------------------------------------------------
Start Flattening Before IO Insertion
---------------------------------------------------------------------------------
---------------------------------------------------------------------------------
Finished Flattening Before IO Insertion
---------------------------------------------------------------------------------
---------------------------------------------------------------------------------
Start Final Netlist Cleanup
---------------------------------------------------------------------------------
---------------------------------------------------------------------------------
Finished Final Netlist Cleanup
---------------------------------------------------------------------------------
---------------------------------------------------------------------------------
Finished IO Insertion : Time (s): cpu = 00:00:42 ; elapsed = 00:00:44 . Memory (MB): peak = 1526.922 ; gain = 1000.750
---------------------------------------------------------------------------------
---------------------------------------------------------------------------------
Start Renaming Generated Instances
---------------------------------------------------------------------------------
---------------------------------------------------------------------------------
Finished Renaming Generated Instances : Time (s): cpu = 00:00:42 ; elapsed = 00:00:44 . Memory (MB): peak = 1526.922 ; gain = 1000.750
---------------------------------------------------------------------------------
---------------------------------------------------------------------------------
Start Rebuilding User Hierarchy
---------------------------------------------------------------------------------
---------------------------------------------------------------------------------
Finished Rebuilding User Hierarchy : Time (s): cpu = 00:00:42 ; elapsed = 00:00:44 . Memory (MB): peak = 1526.922 ; gain = 1000.750
---------------------------------------------------------------------------------
---------------------------------------------------------------------------------
Start Renaming Generated Ports
---------------------------------------------------------------------------------
---------------------------------------------------------------------------------
Finished Renaming Generated Ports : Time (s): cpu = 00:00:42 ; elapsed = 00:00:44 . Memory (MB): peak = 1526.922 ; gain = 1000.750
---------------------------------------------------------------------------------
---------------------------------------------------------------------------------
Start Handling Custom Attributes
---------------------------------------------------------------------------------
---------------------------------------------------------------------------------
Finished Handling Custom Attributes : Time (s): cpu = 00:00:42 ; elapsed = 00:00:44 . Memory (MB): peak = 1528.910 ; gain = 1002.738
---------------------------------------------------------------------------------
---------------------------------------------------------------------------------
Start Renaming Generated Nets
---------------------------------------------------------------------------------
---------------------------------------------------------------------------------
Finished Renaming Generated Nets : Time (s): cpu = 00:00:42 ; elapsed = 00:00:44 . Memory (MB): peak = 1528.910 ; gain = 1002.738
---------------------------------------------------------------------------------
---------------------------------------------------------------------------------
Start Writing Synthesis Report
---------------------------------------------------------------------------------

Report BlackBoxes: 
+-+--------------+----------+
| |BlackBox name |Instances |
+-+--------------+----------+
+-+--------------+----------+

Report Cell Usage: 
+------+---------+------+
|      |Cell     |Count |
+------+---------+------+
|1     |BUFG     |     2|
|2     |CARRY4   |    67|
|3     |LUT1     |     8|
|4     |LUT2     |   202|
|5     |LUT3     |    81|
|6     |LUT4     |   285|
|7     |LUT5     |   229|
|8     |LUT6     |   844|
|9     |MUXF7    |   129|
|10    |MUXF8    |    61|
|11    |RAM32M   |    10|
|12    |RAM32X1D |     4|
|13    |RAMB36E1 |    16|
|16    |FDCE     |    32|
|17    |FDRE     |   198|
|18    |FDSE     |     2|
|19    |LD       |     5|
|20    |IBUF     |    22|
|21    |OBUF     |    28|
+------+---------+------+
---------------------------------------------------------------------------------
Finished Writing Synthesis Report : Time (s): cpu = 00:00:42 ; elapsed = 00:00:44 . Memory (MB): peak = 1528.910 ; gain = 1002.738
---------------------------------------------------------------------------------
Synthesis finished with 0 errors, 0 critical warnings and 5 warnings.
Synthesis Optimization Runtime : Time (s): cpu = 00:00:30 ; elapsed = 00:00:42 . Memory (MB): peak = 1528.910 ; gain = 985.098
Synthesis Optimization Complete : Time (s): cpu = 00:00:42 ; elapsed = 00:00:44 . Memory (MB): peak = 1528.910 ; gain = 1002.738
INFO: [Project 1-571] Translating synthesized netlist
Netlist sorting complete. Time (s): cpu = 00:00:01 ; elapsed = 00:00:00.039 . Memory (MB): peak = 1538.113 ; gain = 0.000
INFO: [Netlist 29-17] Analyzing 292 Unisim elements for replacement
INFO: [Netlist 29-28] Unisim Transformation completed in 0 CPU seconds
INFO: [Project 1-570] Preparing netlist for logic optimization
INFO: [Opt 31-138] Pushed 0 inverter(s) to 0 load pin(s).
Netlist sorting complete. Time (s): cpu = 00:00:00 ; elapsed = 00:00:00.001 . Memory (MB): peak = 1541.766 ; gain = 0.000
INFO: [Project 1-111] Unisim Transformation Summary:
  A total of 19 instances were transformed.
  LD => LDCE: 5 instances
  RAM32M => RAM32M (RAMD32(x6), RAMS32(x2)): 10 instances
  RAM32X1D => RAM32X1D (RAMD32(x2)): 4 instances

Synth Design complete | Checksum: 2f502caf
INFO: [Common 17-83] Releasing license: Synthesis
90 Infos, 6 Warnings, 0 Critical Warnings and 0 Errors encountered.
synth_design completed successfully
synth_design: Time (s): cpu = 00:00:47 ; elapsed = 00:00:52 . Memory (MB): peak = 1541.766 ; gain = 1206.086
Write ShapeDB Complete: Time (s): cpu = 00:00:00 ; elapsed = 00:00:00.013 . Memory (MB): peak = 1541.766 ; gain = 0.000
INFO: [Common 17-1381] The checkpoint 'C:/Users/Eric/CodeProjects/CPE233/RISCV_Otter/RISCV_Otter.runs/synth_1/OTTER_Wrapper.dcp' has been generated.
INFO: [Vivado 12-24828] Executing command : report_utilization -file OTTER_Wrapper_utilization_synth.rpt -pb OTTER_Wrapper_utilization_synth.pb
INFO: [Common 17-206] Exiting Vivado at Fri May 30 17:49:04 2025...
